<?xml version="1.0" encoding="UTF-8"?>
<!-- Generated by org.testng.reporters.JUnitXMLReporter -->
<testsuite ignored="0" hostname="LAPTOP-8IB0L946" failures="0" tests="9" name="Default test" time="7.762" errors="0" timestamp="2026-02-17T23:52:47 IST">
  <testcase classname="api.test.DDTests" name="testPostUser" time="2.935"/>
  <testcase classname="api.test.DDTests" name="testPostUser" time="0.223"/>
  <testcase classname="api.test.DDTests" name="testPostUser" time="0.245"/>
  <testcase classname="api.test.DDTests" name="testGetUser" time="0.26"/>
  <testcase classname="api.test.DDTests" name="testGetUser" time="0.202"/>
  <testcase classname="api.test.DDTests" name="testGetUser" time="0.197"/>
  <testcase classname="api.test.DDTests" name="testDeleteUser" time="0.2"/>
  <testcase classname="api.test.DDTests" name="testDeleteUser" time="0.212"/>
  <testcase classname="api.test.DDTests" name="testDeleteUser" time="0.215"/>
</testsuite> <!-- Default test -->
