<?xml version="1.0" encoding="UTF-8"?>
<!-- Generated by org.testng.reporters.JUnitXMLReporter -->
<testsuite ignored="0" hostname="LAPTOP-8IB0L946" failures="0" tests="9" name="Test" time="7.738" errors="0" timestamp="2026-02-18T10:55:28 IST">
  <testcase classname="api.test.DDTests" name="testPostUser" time="2.793"/>
  <testcase classname="api.test.DDTests" name="testPostUser" time="0.243"/>
  <testcase classname="api.test.DDTests" name="testPostUser" time="0.21"/>
  <testcase classname="api.test.DDTests" name="testGetUser" time="0.28"/>
  <testcase classname="api.test.DDTests" name="testGetUser" time="0.197"/>
  <testcase classname="api.test.DDTests" name="testGetUser" time="0.222"/>
  <testcase classname="api.test.DDTests" name="testDeleteUser" time="0.215"/>
  <testcase classname="api.test.DDTests" name="testDeleteUser" time="0.206"/>
  <testcase classname="api.test.DDTests" name="testDeleteUser" time="0.21"/>
</testsuite> <!-- Test -->
