<?xml version="1.0" encoding="UTF-8"?>
<!-- Generated by org.testng.reporters.JUnitXMLReporter -->
<testsuite ignored="0" hostname="LAPTOP-8IB0L946" failures="0" tests="9" name="Test" time="7.825" errors="0" timestamp="2026-02-18T12:16:32 IST">
  <testcase classname="api.test.DDTests" name="testPostUser" time="2.861"/>
  <testcase classname="api.test.DDTests" name="testPostUser" time="0.223"/>
  <testcase classname="api.test.DDTests" name="testPostUser" time="0.213"/>
  <testcase classname="api.test.DDTests" name="testGetUser" time="0.247"/>
  <testcase classname="api.test.DDTests" name="testGetUser" time="0.244"/>
  <testcase classname="api.test.DDTests" name="testGetUser" time="0.212"/>
  <testcase classname="api.test.DDTests" name="testDeleteUser" time="0.21"/>
  <testcase classname="api.test.DDTests" name="testDeleteUser" time="0.209"/>
  <testcase classname="api.test.DDTests" name="testDeleteUser" time="0.204"/>
</testsuite> <!-- Test -->
