<?xml version="1.0" encoding="UTF-8"?>
<testng-results ignored="0" total="9" passed="9" failed="0" skipped="0">
  <reporter-output>
  </reporter-output>
  <suite started-at="2026-02-18T12:16:24 IST" name="Suite" finished-at="2026-02-18T12:16:32 IST" duration-ms="7825">
    <groups>
    </groups>
    <test started-at="2026-02-18T12:16:24 IST" name="Test" finished-at="2026-02-18T12:16:32 IST" duration-ms="7825">
      <class name="api.test.DDTests">
        <test-method is-config="true" signature="setup()[pri:0, instance:api.test.DDTests@5db250b4]" started-at="2026-02-18T12:16:24 IST" name="setup" finished-at="2026-02-18T12:16:25 IST" duration-ms="995" status="PASS">
          <reporter-output>
          </reporter-output>
        </test-method> <!-- setup -->
        <test-method signature="testPostUser(java.lang.String,java.lang.String,java.lang.String,java.lang.String,java.lang.String,java.lang.String,java.lang.String)[pri:1, instance:api.test.DDTests@5db250b4]" started-at="2026-02-18T12:16:27 IST" name="testPostUser" data-provider="Data" finished-at="2026-02-18T12:16:30 IST" duration-ms="2861" status="PASS">
          <params>
            <param index="0">
              <value>
                <![CDATA[1010]]>
              </value>
            </param>
            <param index="1">
              <value>
                <![CDATA[testuser1]]>
              </value>
            </param>
            <param index="2">
              <value>
                <![CDATA[Sharan]]>
              </value>
            </param>
            <param index="3">
              <value>
                <![CDATA[Simikore]]>
              </value>
            </param>
            <param index="4">
              <value>
                <![CDATA[xyz@sharan]]>
              </value>
            </param>
            <param index="5">
              <value>
                <![CDATA[test@123]]>
              </value>
            </param>
            <param index="6">
              <value>
                <![CDATA[123321123]]>
              </value>
            </param>
          </params>
          <reporter-output>
          </reporter-output>
        </test-method> <!-- testPostUser -->
        <test-method signature="testPostUser(java.lang.String,java.lang.String,java.lang.String,java.lang.String,java.lang.String,java.lang.String,java.lang.String)[pri:1, instance:api.test.DDTests@5db250b4]" started-at="2026-02-18T12:16:30 IST" name="testPostUser" data-provider="Data" finished-at="2026-02-18T12:16:30 IST" duration-ms="223" status="PASS">
          <params>
            <param index="0">
              <value>
                <![CDATA[1020]]>
              </value>
            </param>
            <param index="1">
              <value>
                <![CDATA[testuser2]]>
              </value>
            </param>
            <param index="2">
              <value>
                <![CDATA[Rahul]]>
              </value>
            </param>
            <param index="3">
              <value>
                <![CDATA[Kore]]>
              </value>
            </param>
            <param index="4">
              <value>
                <![CDATA[kore@rahul]]>
              </value>
            </param>
            <param index="5">
              <value>
                <![CDATA[test@2]]>
              </value>
            </param>
            <param index="6">
              <value>
                <![CDATA[456654456]]>
              </value>
            </param>
          </params>
          <reporter-output>
          </reporter-output>
        </test-method> <!-- testPostUser -->
        <test-method signature="testPostUser(java.lang.String,java.lang.String,java.lang.String,java.lang.String,java.lang.String,java.lang.String,java.lang.String)[pri:1, instance:api.test.DDTests@5db250b4]" started-at="2026-02-18T12:16:30 IST" name="testPostUser" data-provider="Data" finished-at="2026-02-18T12:16:30 IST" duration-ms="213" status="PASS">
          <params>
            <param index="0">
              <value>
                <![CDATA[1030]]>
              </value>
            </param>
            <param index="1">
              <value>
                <![CDATA[testuser3]]>
              </value>
            </param>
            <param index="2">
              <value>
                <![CDATA[Jagu]]>
              </value>
            </param>
            <param index="3">
              <value>
                <![CDATA[Patil]]>
              </value>
            </param>
            <param index="4">
              <value>
                <![CDATA[patil@jagu]]>
              </value>
            </param>
            <param index="5">
              <value>
                <![CDATA[test@3]]>
              </value>
            </param>
            <param index="6">
              <value>
                <![CDATA[789987789]]>
              </value>
            </param>
          </params>
          <reporter-output>
          </reporter-output>
        </test-method> <!-- testPostUser -->
        <test-method signature="testGetUser(java.lang.String)[pri:2, instance:api.test.DDTests@5db250b4]" started-at="2026-02-18T12:16:30 IST" name="testGetUser" data-provider="UserNames" finished-at="2026-02-18T12:16:31 IST" duration-ms="247" status="PASS">
          <params>
            <param index="0">
              <value>
                <![CDATA[testuser1]]>
              </value>
            </param>
          </params>
          <reporter-output>
          </reporter-output>
        </test-method> <!-- testGetUser -->
        <test-method signature="testGetUser(java.lang.String)[pri:2, instance:api.test.DDTests@5db250b4]" started-at="2026-02-18T12:16:31 IST" name="testGetUser" data-provider="UserNames" finished-at="2026-02-18T12:16:31 IST" duration-ms="244" status="PASS">
          <params>
            <param index="0">
              <value>
                <![CDATA[testuser2]]>
              </value>
            </param>
          </params>
          <reporter-output>
          </reporter-output>
        </test-method> <!-- testGetUser -->
        <test-method signature="testGetUser(java.lang.String)[pri:2, instance:api.test.DDTests@5db250b4]" started-at="2026-02-18T12:16:31 IST" name="testGetUser" data-provider="UserNames" finished-at="2026-02-18T12:16:31 IST" duration-ms="212" status="PASS">
          <params>
            <param index="0">
              <value>
                <![CDATA[testuser3]]>
              </value>
            </param>
          </params>
          <reporter-output>
          </reporter-output>
        </test-method> <!-- testGetUser -->
        <test-method signature="testDeleteUser(java.lang.String)[pri:3, instance:api.test.DDTests@5db250b4]" started-at="2026-02-18T12:16:31 IST" name="testDeleteUser" data-provider="UserNames" finished-at="2026-02-18T12:16:31 IST" duration-ms="210" status="PASS">
          <params>
            <param index="0">
              <value>
                <![CDATA[testuser1]]>
              </value>
            </param>
          </params>
          <reporter-output>
          </reporter-output>
        </test-method> <!-- testDeleteUser -->
        <test-method signature="testDeleteUser(java.lang.String)[pri:3, instance:api.test.DDTests@5db250b4]" started-at="2026-02-18T12:16:31 IST" name="testDeleteUser" data-provider="UserNames" finished-at="2026-02-18T12:16:32 IST" duration-ms="209" status="PASS">
          <params>
            <param index="0">
              <value>
                <![CDATA[testuser2]]>
              </value>
            </param>
          </params>
          <reporter-output>
          </reporter-output>
        </test-method> <!-- testDeleteUser -->
        <test-method signature="testDeleteUser(java.lang.String)[pri:3, instance:api.test.DDTests@5db250b4]" started-at="2026-02-18T12:16:32 IST" name="testDeleteUser" data-provider="UserNames" finished-at="2026-02-18T12:16:32 IST" duration-ms="204" status="PASS">
          <params>
            <param index="0">
              <value>
                <![CDATA[testuser3]]>
              </value>
            </param>
          </params>
          <reporter-output>
          </reporter-output>
        </test-method> <!-- testDeleteUser -->
      </class> <!-- api.test.DDTests -->
    </test> <!-- Test -->
  </suite> <!-- Suite -->
</testng-results>
