<?xml version="1.0" encoding="UTF-8"?>
<testsuite xmlns:xsi="http://www.w3.org/2001/XMLSchema-instance" xsi:noNamespaceSchemaLocation="https://maven.apache.org/surefire/maven-surefire-plugin/xsd/surefire-test-report-3.0.xsd" version="3.0" name="TestSuite" time="8.983" tests="9" errors="0" skipped="0" failures="0">
  <properties>
[...]
</properties>
  <testcase name="testPostUser[1010, testuser1, Sharan, Simikore, xyz@sharan, test@123, 123321123](1)" classname="api.test.DDTests" time="2.898">
    <system-out><![CDATA[12:16:27 INFO  api.test.DDTests - ****** Creating User********
12:16:30 INFO  api.test.DDTests - ********User Created***********
]]></system-out>
    <system-err><![CDATA[SLF4J: Failed to load class "org.slf4j.impl.StaticLoggerBinder".
SLF4J: Defaulting to no-operation (NOP) logger implementation
SLF4J: See http://www.slf4j.org/codes.html#StaticLoggerBinder for further details.
]]></system-err>
  </testcase>
  <testcase name="testPostUser[1020, testuser2, Rahul, Kore, kore@rahul, test@2, 456654456](2)" classname="api.test.DDTests" time="0.188">
    <system-out><![CDATA[12:16:30 INFO  api.test.DDTests - ****** Creating User********
12:16:30 INFO  api.test.DDTests - ********User Created***********
]]></system-out>
  </testcase>
  <testcase name="testPostUser[1030, testuser3, Jagu, Patil, patil@jagu, test@3, 789987789](3)" classname="api.test.DDTests" time="0.216">
    <system-out><![CDATA[12:16:30 INFO  api.test.DDTests - ****** Creating User********
12:16:30 INFO  api.test.DDTests - ********User Created***********
]]></system-out>
  </testcase>
  <testcase name="testGetUser[testuser1](1)" classname="api.test.DDTests" time="0.246">
    <system-out><![CDATA[12:16:30 INFO  api.test.DDTests - *************Getting user*************
12:16:31 INFO  api.test.DDTests - *************Got user Info*************
]]></system-out>
  </testcase>
  <testcase name="testGetUser[testuser2](2)" classname="api.test.DDTests" time="0.246">
    <system-out><![CDATA[12:16:31 INFO  api.test.DDTests - *************Getting user*************
12:16:31 INFO  api.test.DDTests - *************Got user Info*************
]]></system-out>
  </testcase>
  <testcase name="testGetUser[testuser3](3)" classname="api.test.DDTests" time="0.211">
    <system-out><![CDATA[12:16:31 INFO  api.test.DDTests - *************Getting user*************
12:16:31 INFO  api.test.DDTests - *************Got user Info*************
]]></system-out>
  </testcase>
  <testcase name="testDeleteUser[testuser1](1)" classname="api.test.DDTests" time="0.21">
    <system-out><![CDATA[12:16:31 INFO  api.test.DDTests - *************Deleting user*************
12:16:31 INFO  api.test.DDTests - *************User Deleted*************
]]></system-out>
  </testcase>
  <testcase name="testDeleteUser[testuser2](2)" classname="api.test.DDTests" time="0.213">
    <system-out><![CDATA[12:16:31 INFO  api.test.DDTests - *************Deleting user*************
12:16:32 INFO  api.test.DDTests - *************User Deleted*************
]]></system-out>
  </testcase>
  <testcase name="testDeleteUser[testuser3](3)" classname="api.test.DDTests" time="0.201">
    <system-out><![CDATA[12:16:32 INFO  api.test.DDTests - *************Deleting user*************
12:16:32 INFO  api.test.DDTests - *************User Deleted*************
]]></system-out>
  </testcase>
</testsuite>