<?xml version="1.0" encoding="UTF-8"?>
<!-- Generated by org.testng.reporters.JUnitReportReporter -->
<testsuite hostname="LAPTOP-8IB0L946" failures="0" tests="9" name="api.test.DDTests" time="4.623" errors="0" timestamp="2026-02-18T12:16:33 IST" skipped="0">
  <testcase classname="api.test.DDTests" name="testPostUser" time="0.213"/>
  <testcase classname="api.test.DDTests" name="testPostUser" time="0.223"/>
  <testcase classname="api.test.DDTests" name="testPostUser" time="2.861"/>
  <testcase classname="api.test.DDTests" name="testGetUser" time="0.244"/>
  <testcase classname="api.test.DDTests" name="testGetUser" time="0.247"/>
  <testcase classname="api.test.DDTests" name="testGetUser" time="0.212"/>
  <testcase classname="api.test.DDTests" name="testDeleteUser" time="0.209"/>
  <testcase classname="api.test.DDTests" name="testDeleteUser" time="0.204"/>
  <testcase classname="api.test.DDTests" name="testDeleteUser" time="0.210"/>
</testsuite> <!-- api.test.DDTests -->
